Using pre-set license
Built from '2020.2/staging' branch; Version is '2020.2.7f1 (c53830e277f1) revision 12924976'; Using compiler version '192528614'; Build Type 'Release'
OS: 'Windows 10 Pro; OS build 19042.867; Version 2009; 64bit' Language: 'en' Physical Memory: 8146 MB
BatchMode: 1, IsHumanControllingUs: 0, StartBugReporterOnCrash: 0, Is64bit: 1, IsPro: 0

 COMMAND LINE ARGUMENTS:
C:\Program Files\Unity\2020.2.7f1\Editor\Unity.exe
-adb2
-batchMode
-noUpm
-name
AssetImportWorker0
-projectPath
E:/Workspace/Hypercasual
-logFile
Logs/AssetImportWorker0.log
-srvPort
58935
Successfully changed project path to: E:/Workspace/Hypercasual
E:/Workspace/Hypercasual
Using Asset Import Pipeline V2.
Refreshing native plugins compatible for Editor in 55.10 ms, found 0 plugins.
Preloading 0 native plugins for Editor in 0.00 ms.
Initialize engine version: 2020.2.7f1 (c53830e277f1)
[Subsystems] Discovering subsystems at path C:/Program Files/Unity/2020.2.7f1/Editor/Data/Resources/UnitySubsystems
[Subsystems] Discovering subsystems at path E:/Workspace/Hypercasual/Assets
GfxDevice: creating device client; threaded=0
Direct3D:
    Version:  Direct3D 11.0 [level 11.1]
    Renderer: NVIDIA GeForce RTX 2060 (ID=0x1f08)
    Vendor:   
    VRAM:     5980 MB
    Driver:   27.21.14.6172
Shader 'Universal Render Pipeline/Particles/Lit': fallback shader 'Universal Render Pipeline/Particles/SimpleLit' not found
Initialize mono
Mono path[0] = 'C:/Program Files/Unity/2020.2.7f1/Editor/Data/Managed'
Mono path[1] = 'C:/Program Files/Unity/2020.2.7f1/Editor/Data/MonoBleedingEdge/lib/mono/unityjit'
Mono config path = 'C:/Program Files/Unity/2020.2.7f1/Editor/Data/MonoBleedingEdge/etc'
Using monoOptions --debugger-agent=transport=dt_socket,embedding=1,server=y,suspend=n,address=127.0.0.1:56068
Begin MonoManager ReloadAssembly
Registering precompiled unity dll's ...
Register platform support module: C:/Program Files/Unity/2020.2.7f1/Editor/Data/PlaybackEngines/WindowsStandaloneSupport/UnityEditor.WindowsStandalone.Extensions.dll
Registered in 0.002630 seconds.
Native extension for WindowsStandalone target not found
Refreshing native plugins compatible for Editor in 53.93 ms, found 0 plugins.
Preloading 0 native plugins for Editor in 0.00 ms.
Invoked RoslynAnalysisRunner static constructor.
RoslynAnalysisRunner will not be running.
RoslynAnalysisRunner has terminated.
Mono: successfully reloaded assembly
- Completed reload, in  1.437 seconds
Platform modules already initialized, skipping
Registering precompiled user dll's ...
Registered in 0.001778 seconds.
Begin MonoManager ReloadAssembly
Native extension for WindowsStandalone target not found
Refreshing native plugins compatible for Editor in 61.89 ms, found 0 plugins.
Preloading 0 native plugins for Editor in 0.00 ms.
Invoked RoslynAnalysisRunner static constructor.
RoslynAnalysisRunner will not be running.
RoslynAnalysisRunner has terminated.
Mono: successfully reloaded assembly
- Completed reload, in  1.480 seconds
Platform modules already initialized, skipping
========================================================================
Worker process is ready to serve import requests
Shader 'Universal Render Pipeline/Particles/Lit': fallback shader 'Universal Render Pipeline/Particles/SimpleLit' not found
Launched and connected shader compiler UnityShaderCompiler.exe after 0.14 seconds
Refreshing native plugins compatible for Editor in 0.41 ms, found 0 plugins.
Preloading 0 native plugins for Editor in 0.00 ms.
Unloading 2250 Unused Serialized files (Serialized files now loaded: 0)
System memory in use before: 200.2 MB.
System memory in use after: 200.3 MB.

Unloading 21 unused Assets to reduce memory usage. Loaded Objects now: 2732.
Total: 2.699400 ms (FindLiveObjects: 0.292500 ms CreateObjectMapping: 0.209100 ms MarkObjects: 2.060900 ms  DeleteObjects: 0.135700 ms)

========================================================================
Received Import Request.
  path: Assets/VFX/VFX_SwordSlash/Prefabs
  artifactKey: Guid(0fc12698272c7b6449600d18aa11f3ca) Importer(815301076,1909f56bfc062723c751e8b465ee728b)
Start importing Assets/VFX/VFX_SwordSlash/Prefabs using Guid(0fc12698272c7b6449600d18aa11f3ca) Importer(815301076,1909f56bfc062723c751e8b465ee728b)  -> (artifact id: '5c1ce457313441e37a75cea46ca18c15') in 0.007117 seconds
  Import took 0.041505 seconds .

========================================================================
Received Import Request.
  Time since last request: 0.000382 seconds.
  path: Assets/VFX/VFX_SwordSlash/Materials
  artifactKey: Guid(4b69c5f5e14f3a849ae51397b5d6fff1) Importer(815301076,1909f56bfc062723c751e8b465ee728b)
Start importing Assets/VFX/VFX_SwordSlash/Materials using Guid(4b69c5f5e14f3a849ae51397b5d6fff1) Importer(815301076,1909f56bfc062723c751e8b465ee728b)  -> (artifact id: 'e8a0fd7e4669f51f8e7d7bb857a85056') in 0.002759 seconds
  Import took 0.019138 seconds .

========================================================================
Received Import Request.
  Time since last request: 0.000362 seconds.
  path: Assets/VFX/VFX_SwordSlash/Shaders
  artifactKey: Guid(93c9fc33863558b4d8a834211cf06604) Importer(815301076,1909f56bfc062723c751e8b465ee728b)
Start importing Assets/VFX/VFX_SwordSlash/Shaders using Guid(93c9fc33863558b4d8a834211cf06604) Importer(815301076,1909f56bfc062723c751e8b465ee728b)  -> (artifact id: '9895707ea4b96e1bda9a5b8035dc3715') in 0.003138 seconds
  Import took 0.023667 seconds .

========================================================================
Received Import Request.
  Time since last request: 0.000347 seconds.
  path: Assets/VFX/VFX_SwordSlash
  artifactKey: Guid(9bb62c1f45388e44696452e7ebf8d4f9) Importer(815301076,1909f56bfc062723c751e8b465ee728b)
Start importing Assets/VFX/VFX_SwordSlash using Guid(9bb62c1f45388e44696452e7ebf8d4f9) Importer(815301076,1909f56bfc062723c751e8b465ee728b)  -> (artifact id: 'db8cd9b9d594cc3ddfe18452af3a9fd1') in 0.003475 seconds
  Import took 0.028383 seconds .

